<?xml version="1.0" encoding="UTF-8"?>
<!-- Generated by org.testng.reporters.JUnitXMLReporter -->
<testsuite ignored="0" hostname="LAPTOP-84AAFFGG" failures="0" tests="3" name="Default test" time="0.17" errors="0" timestamp="2022-11-23T15:54:13 IST">
  <testcase classname="practicePackage.Script01" name="test01" time="0.027"/>
  <testcase classname="practicePackage.Script01" name="test02" time="0.007"/>
  <testcase classname="practicePackage.Script01" name="test03" time="0.013"/>
</testsuite> <!-- Default test -->
