<?xml version="1.0" encoding="UTF-8"?>
<!-- Generated by org.testng.reporters.JUnitXMLReporter -->
<testsuite ignored="0" hostname="LAPTOP-84AAFFGG" failures="0" tests="7" name="BatchExecution" time="0.295" errors="0" timestamp="2022-11-09T16:19:02 IST">
  <testcase classname="practicePackage.Script01" name="test01" time="0.031"/>
  <testcase classname="practicePackage.Script01" name="test02" time="0.008"/>
  <testcase classname="practicePackage.Script01" name="test03" time="0.006"/>
  <testcase classname="practicePackage.Script03" name="test06" time="0.006"/>
  <testcase classname="practicePackage.Script03" name="test07" time="0.009"/>
  <testcase classname="practicePackage.Script02" name="test04" time="0.013"/>
  <testcase classname="practicePackage.Script02" name="test05" time="0.008"/>
</testsuite> <!-- BatchExecution -->
