<?xml version="1.0" encoding="UTF-8"?>
<!-- Generated by org.testng.reporters.JUnitXMLReporter -->
<testsuite ignored="2" hostname="LAPTOP-84AAFFGG" failures="0" tests="8" name="Group" time="0.364" errors="0" timestamp="2022-11-23T13:10:53 IST">
  <testcase classname="practicePackage.Script04" name="test08" time="0.031"/>
  <testcase classname="practicePackage.Script04" name="test09" time="0.006"/>
  <testcase classname="practicePackage.Script04" name="test10" time="0.003"/>
  <testcase classname="practicePackage.Script01" name="test01" time="0.005"/>
  <testcase classname="practicePackage.Script01" name="test02" time="0.005"/>
  <testcase classname="practicePackage.Script03" name="test07" time="0.004"/>
  <testcase classname="practicePackage.Script02" name="test04" time="0.059"/>
  <testcase classname="practicePackage.Script02" name="test05" time="0.005"/>
  <testcase classname="practicePackage.Script03" name="test06" time="0.0">
    <ignored/>
  </testcase> <!-- test06 -->
  <testcase classname="practicePackage.Script01" name="test03" time="0.0">
    <ignored/>
  </testcase> <!-- test03 -->
</testsuite> <!-- Group -->
