<?xml version="1.0" encoding="UTF-8"?>
<testng-results ignored="2" total="10" passed="8" failed="0" skipped="0">
  <reporter-output>
  </reporter-output>
  <suite started-at="2022-11-23T13:10:53 IST" name="Suite" finished-at="2022-11-23T13:10:53 IST" duration-ms="364">
    <groups>
      <group name="regression">
        <method signature="Script01.test02()[pri:0, instance:practicePackage.Script01@1725dc0f]" name="test02" class="practicePackage.Script01"/>
        <method signature="Script02.test05()[pri:0, instance:practicePackage.Script02@76508ed1]" name="test05" class="practicePackage.Script02"/>
        <method signature="Script04.test08()[pri:0, instance:practicePackage.Script04@7e0b85f9]" name="test08" class="practicePackage.Script04"/>
        <method signature="Script04.test09()[pri:0, instance:practicePackage.Script04@7e0b85f9]" name="test09" class="practicePackage.Script04"/>
      </group> <!-- regression -->
      <group name="smoke">
        <method signature="Script01.test01()[pri:0, instance:practicePackage.Script01@1725dc0f]" name="test01" class="practicePackage.Script01"/>
        <method signature="Script02.test04()[pri:0, instance:practicePackage.Script02@76508ed1]" name="test04" class="practicePackage.Script02"/>
        <method signature="Script03.test07()[pri:0, instance:practicePackage.Script03@4facf68f]" name="test07" class="practicePackage.Script03"/>
        <method signature="Script04.test08()[pri:0, instance:practicePackage.Script04@7e0b85f9]" name="test08" class="practicePackage.Script04"/>
        <method signature="Script04.test10()[pri:0, instance:practicePackage.Script04@7e0b85f9]" name="test10" class="practicePackage.Script04"/>
      </group> <!-- smoke -->
    </groups>
    <test started-at="2022-11-23T13:10:53 IST" name="Group" finished-at="2022-11-23T13:10:53 IST" duration-ms="364">
      <class name="practicePackage.Script04">
        <test-method signature="test08()[pri:0, instance:practicePackage.Script04@7e0b85f9]" started-at="2022-11-23T13:10:53 IST" name="test08" finished-at="2022-11-23T13:10:53 IST" duration-ms="31" status="PASS">
          <reporter-output>
          </reporter-output>
        </test-method> <!-- test08 -->
        <test-method signature="test09()[pri:0, instance:practicePackage.Script04@7e0b85f9]" started-at="2022-11-23T13:10:53 IST" name="test09" finished-at="2022-11-23T13:10:53 IST" duration-ms="6" status="PASS">
          <reporter-output>
          </reporter-output>
        </test-method> <!-- test09 -->
        <test-method signature="test10()[pri:0, instance:practicePackage.Script04@7e0b85f9]" started-at="2022-11-23T13:10:53 IST" name="test10" finished-at="2022-11-23T13:10:53 IST" duration-ms="3" status="PASS">
          <reporter-output>
          </reporter-output>
        </test-method> <!-- test10 -->
      </class> <!-- practicePackage.Script04 -->
      <class name="practicePackage.Script03">
        <test-method signature="test07()[pri:0, instance:practicePackage.Script03@4facf68f]" started-at="2022-11-23T13:10:53 IST" name="test07" finished-at="2022-11-23T13:10:53 IST" duration-ms="4" status="PASS">
          <reporter-output>
          </reporter-output>
        </test-method> <!-- test07 -->
      </class> <!-- practicePackage.Script03 -->
      <class name="practicePackage.Script02">
        <test-method signature="test04()[pri:0, instance:practicePackage.Script02@76508ed1]" started-at="2022-11-23T13:10:53 IST" name="test04" finished-at="2022-11-23T13:10:53 IST" duration-ms="59" status="PASS">
          <reporter-output>
          </reporter-output>
        </test-method> <!-- test04 -->
        <test-method signature="test05()[pri:0, instance:practicePackage.Script02@76508ed1]" started-at="2022-11-23T13:10:53 IST" name="test05" finished-at="2022-11-23T13:10:53 IST" duration-ms="5" status="PASS">
          <reporter-output>
          </reporter-output>
        </test-method> <!-- test05 -->
      </class> <!-- practicePackage.Script02 -->
      <class name="practicePackage.Script01">
        <test-method signature="test01()[pri:0, instance:practicePackage.Script01@1725dc0f]" started-at="2022-11-23T13:10:53 IST" name="test01" finished-at="2022-11-23T13:10:53 IST" duration-ms="5" status="PASS">
          <reporter-output>
          </reporter-output>
        </test-method> <!-- test01 -->
        <test-method signature="test02()[pri:0, instance:practicePackage.Script01@1725dc0f]" started-at="2022-11-23T13:10:53 IST" name="test02" finished-at="2022-11-23T13:10:53 IST" duration-ms="5" status="PASS">
          <reporter-output>
          </reporter-output>
        </test-method> <!-- test02 -->
      </class> <!-- practicePackage.Script01 -->
    </test> <!-- Group -->
  </suite> <!-- Suite -->
</testng-results>
