<?xml version="1.0" encoding="UTF-8"?>
<testng-results ignored="0" total="3" passed="3" failed="0" skipped="0">
  <reporter-output>
  </reporter-output>
  <suite started-at="2022-11-23T15:54:13 IST" name="Default suite" finished-at="2022-11-23T15:54:13 IST" duration-ms="170">
    <groups>
      <group name="regression">
        <method signature="Script01.test02()[pri:0, instance:practicePackage.Script01@17046283]" name="test02" class="practicePackage.Script01"/>
      </group> <!-- regression -->
      <group name="smoke">
        <method signature="Script01.test01()[pri:0, instance:practicePackage.Script01@17046283]" name="test01" class="practicePackage.Script01"/>
      </group> <!-- smoke -->
    </groups>
    <test started-at="2022-11-23T15:54:13 IST" name="Default test" finished-at="2022-11-23T15:54:13 IST" duration-ms="170">
      <class name="practicePackage.Script01">
        <test-method signature="test01()[pri:0, instance:practicePackage.Script01@17046283]" started-at="2022-11-23T15:54:13 IST" name="test01" finished-at="2022-11-23T15:54:13 IST" duration-ms="27" status="PASS">
          <reporter-output>
          </reporter-output>
        </test-method> <!-- test01 -->
        <test-method signature="test02()[pri:0, instance:practicePackage.Script01@17046283]" started-at="2022-11-23T15:54:13 IST" name="test02" finished-at="2022-11-23T15:54:13 IST" duration-ms="7" status="PASS">
          <reporter-output>
          </reporter-output>
        </test-method> <!-- test02 -->
        <test-method signature="test03()[pri:0, instance:practicePackage.Script01@17046283]" started-at="2022-11-23T15:54:13 IST" name="test03" finished-at="2022-11-23T15:54:13 IST" duration-ms="13" status="PASS">
          <reporter-output>
          </reporter-output>
        </test-method> <!-- test03 -->
      </class> <!-- practicePackage.Script01 -->
    </test> <!-- Default test -->
  </suite> <!-- Default suite -->
</testng-results>
